<?xml version="1.0" encoding="UTF-8"?>
<!-- Generated by org.testng.reporters.JUnitReportReporter -->
<testsuite skipped="0" hostname="SELENIUM-PC" name="script.InvalidLogin" tests="1" failures="0" timestamp="14 Oct 2017 10:54:47 GMT" time="22.235" errors="0">
  <testcase name="testInvalidLogin" time="22.235" classname="script.InvalidLogin"/>
</testsuite> <!-- script.InvalidLogin -->
